<?xml version="1.0" encoding="UTF-8"?>
<!-- Generated by org.testng.reporters.JUnitXMLReporter -->
<testsuite ignored="0" hostname="DESKTOP-3L4UCPN" failures="0" tests="3" name="Test" time="28.565" errors="0" timestamp="2026-03-13T13:26:37 IST">
  <testcase classname="com.crm.orgtest.CreateOrgTest" name="createOrgTest" time="4.833"/>
  <testcase classname="com.crm.orgtest.CreateOrgTest" name="createOrgTestWithPhoneNumber" time="3.65"/>
  <testcase classname="com.crm.orgtest.CreateOrgTest" name="createOrgWithIndustryTypeTest" time="3.996"/>
</testsuite> <!-- Test -->
