<?xml version="1.0" encoding="UTF-8"?>
<testng-results ignored="0" total="1" passed="1" failed="0" skipped="0">
  <reporter-output>
  </reporter-output>
  <suite started-at="2026-03-18T11:45:20 IST" name="Default suite" finished-at="2026-03-18T11:45:34 IST" duration-ms="13437">
    <groups>
    </groups>
    <test started-at="2026-03-18T11:45:20 IST" name="Default test" finished-at="2026-03-18T11:45:34 IST" duration-ms="13437">
      <class name="com.crm.createcontacttest.CreateContactTest">
        <test-method is-config="true" signature="configBS()[pri:0, instance:com.crm.createcontacttest.CreateContactTest@f5958c9]" started-at="2026-03-18T11:45:20 IST" name="configBS" finished-at="2026-03-18T11:45:20 IST" duration-ms="14" status="PASS">
          <reporter-output>
          </reporter-output>
        </test-method> <!-- configBS -->
        <test-method is-config="true" signature="configBC()[pri:0, instance:com.crm.createcontacttest.CreateContactTest@f5958c9]" started-at="2026-03-18T11:45:20 IST" name="configBC" finished-at="2026-03-18T11:45:23 IST" duration-ms="2644" status="PASS">
          <reporter-output>
          </reporter-output>
        </test-method> <!-- configBC -->
        <test-method is-config="true" signature="configBM()[pri:0, instance:com.crm.createcontacttest.CreateContactTest@f5958c9]" started-at="2026-03-18T11:45:23 IST" name="configBM" finished-at="2026-03-18T11:45:24 IST" duration-ms="924" status="PASS">
          <reporter-output>
          </reporter-output>
        </test-method> <!-- configBM -->
        <test-method signature="createContactTest()[pri:0, instance:com.crm.createcontacttest.CreateContactTest@f5958c9]" started-at="2026-03-18T11:45:24 IST" name="createContactTest" finished-at="2026-03-18T11:45:30 IST" duration-ms="6468" status="PASS">
          <reporter-output>
          </reporter-output>
        </test-method> <!-- createContactTest -->
        <test-method is-config="true" signature="configAM()[pri:0, instance:com.crm.createcontacttest.CreateContactTest@f5958c9]" started-at="2026-03-18T11:45:30 IST" name="configAM" finished-at="2026-03-18T11:45:33 IST" duration-ms="3000" status="PASS">
          <reporter-output>
          </reporter-output>
        </test-method> <!-- configAM -->
        <test-method is-config="true" signature="configAC()[pri:0, instance:com.crm.createcontacttest.CreateContactTest@f5958c9]" started-at="2026-03-18T11:45:33 IST" name="configAC" finished-at="2026-03-18T11:45:34 IST" duration-ms="339" status="PASS">
          <reporter-output>
          </reporter-output>
        </test-method> <!-- configAC -->
        <test-method is-config="true" signature="configAS()[pri:0, instance:com.crm.createcontacttest.CreateContactTest@f5958c9]" started-at="2026-03-18T11:45:34 IST" name="configAS" finished-at="2026-03-18T11:45:34 IST" duration-ms="1" status="PASS">
          <reporter-output>
          </reporter-output>
        </test-method> <!-- configAS -->
      </class> <!-- com.crm.createcontacttest.CreateContactTest -->
    </test> <!-- Default test -->
  </suite> <!-- Default suite -->
</testng-results>
