<?xml version="1.0" encoding="UTF-8"?>
<!-- Generated by org.testng.reporters.JUnitXMLReporter -->
<testsuite ignored="2" hostname="DESKTOP-3L4UCPN" failures="0" tests="1" name="Default test" time="19.199" errors="0" timestamp="2026-03-13T21:32:17 IST">
  <testcase classname="com.crm.orgtest.CreateOrgTest" name="createOrgTest" time="9.634"/>
  <testcase classname="com.crm.orgtest.CreateOrgTest" name="createOrgTestWithPhoneNumber" time="0.0">
    <ignored/>
  </testcase> <!-- createOrgTestWithPhoneNumber -->
  <testcase classname="com.crm.orgtest.CreateOrgTest" name="createOrgWithIndustryTypeTest" time="0.0">
    <ignored/>
  </testcase> <!-- createOrgWithIndustryTypeTest -->
</testsuite> <!-- Default test -->
