<?xml version="1.0" encoding="UTF-8"?>
<!-- Generated by org.testng.reporters.JUnitReportReporter -->
<testsuite hostname="DESKTOP-3L4UCPN" failures="0" tests="3" name="com.crm.orgtest.CreateOrgTest" time="30.978" errors="0" timestamp="2026-03-18T18:07:55 IST" skipped="0">
  <testcase classname="com.crm.orgtest.CreateOrgTest" name="createOrgTest" time="10.883"/>
  <testcase classname="com.crm.orgtest.CreateOrgTest" name="createOrgWithIndustryTypeTest" time="9.527"/>
  <testcase classname="com.crm.orgtest.CreateOrgTest" name="createOrgTestWithPhoneNumber" time="10.568"/>
</testsuite> <!-- com.crm.orgtest.CreateOrgTest -->
