<?xml version="1.0" encoding="UTF-8"?>
<!-- Generated by org.testng.reporters.JUnitReportReporter -->
<testsuite hostname="DESKTOP-3L4UCPN" failures="0" tests="3" name="CreateOrgTest.CreateOrgTest" time="29.411" errors="0" timestamp="2026-03-13T11:28:45 IST" skipped="0">
  <testcase classname="CreateOrgTest.CreateOrgTest" name="createOrgTestWithPhoneNumber" time="8.405"/>
  <testcase classname="CreateOrgTest.CreateOrgTest" name="createOrgWithIndustryTypeTest" time="9.076"/>
  <testcase classname="CreateOrgTest.CreateOrgTest" name="createOrgTest" time="11.930"/>
</testsuite> <!-- CreateOrgTest.CreateOrgTest -->
